<?xml version="1.0" encoding="utf-8"?><testsuites name="pytest tests"><testsuite name="pytest" errors="0" failures="0" skipped="0" tests="4" time="0.202" timestamp="2026-05-20T14:22:14.656228+08:00" hostname="Peter"><testcase classname="test_api" name="test_api_response_code" time="0.008" /><testcase classname="test_api" name="test_api_response_body" time="0.006" /><testcase classname="test_api" name="test_ansible_deployment" time="0.005" /><testcase classname="test_api" name="test_traceability_matrix_completeness" time="0.000" /></testsuite></testsuites>